<?xml version="1.0" encoding="UTF-8"?>
<!-- Generated by org.testng.reporters.JUnitXMLReporter -->
<testsuite hostname="DESKTOP-8UCS1B4" ignored="10" name="Test" tests="23" failures="2" timestamp="24 Mar 2021 07:42:07 GMT" time="831.067" errors="0">
  <testcase name="VerifyLoaginAndPublishItems" time="21.759" classname="com.Breville.Tests.LoginPageTest"/>
  <testcase name="VerifyLoaginAndPublishItems" time="21.755" classname="com.Breville.Tests.LoginPageTest"/>
  <testcase name="VerifyLoaginAndPublishItems" time="39.439" classname="com.Breville.Tests.LoginPageTest">
    <skipped/>
  </testcase> <!-- VerifyLoaginAndPublishItems -->
  <testcase name="VerifyLoaginAndPublishItems" time="31.152" classname="com.Breville.Tests.LoginPageTest">
    <skipped/>
  </testcase> <!-- VerifyLoaginAndPublishItems -->
  <testcase name="VerifyLoaginAndPublishItems" time="30.367" classname="com.Breville.Tests.LoginPageTest">
    <failure type="org.openqa.selenium.NoSuchElementException" message="no such element: Unable to locate element: {&amp;quot;method&amp;quot;:&amp;quot;xpath&amp;quot;,&amp;quot;selector&amp;quot;:&amp;quot;//div[text()=&amp;apos;Saved successfully!&amp;apos;]&amp;quot;}
  (Session info: chrome=89.0.4389.90)
For documentation on this error, please visit: https://www.seleniumhq.org/exceptions/no_such_element.html
Build info: version: &amp;apos;3.141.59&amp;apos;, revision: &amp;apos;e82be7d358&amp;apos;, time: &amp;apos;2018-11-14T08:17:03&amp;apos;
System info: host: &amp;apos;DESKTOP-8UCS1B4&amp;apos;, ip: &amp;apos;192.168.1.2&amp;apos;, os.name: &amp;apos;Windows 10&amp;apos;, os.arch: &amp;apos;amd64&amp;apos;, os.version: &amp;apos;10.0&amp;apos;, java.version: &amp;apos;1.8.0_221&amp;apos;
Driver info: org.openqa.selenium.chrome.ChromeDriver
Capabilities {acceptInsecureCerts: false, browserName: chrome, browserVersion: 89.0.4389.90, chrome: {chromedriverVersion: 89.0.4389.23 (61b08ee2c5002..., userDataDir: C:\Users\LENOVO\AppData\Loc...}, goog:chromeOptions: {debuggerAddress: localhost:51993}, javascriptEnabled: true, networkConnectionEnabled: false, pageLoadStrategy: normal, platform: WINDOWS, platformName: WINDOWS, proxy: Proxy(), setWindowRect: true, strictFileInteractability: false, timeouts: {implicit: 0, pageLoad: 300000, script: 30000}, unhandledPromptBehavior: dismiss and notify, webauthn:extension:largeBlob: true, webauthn:virtualAuthenticators: true}
Session ID: b885d27db2fd7e1badd2c7ed83260f3a
*** Element info: {Using=xpath, value=//div[text()=&amp;apos;Saved successfully!&amp;apos;]}">
      <![CDATA[org.openqa.selenium.NoSuchElementException: no such element: Unable to locate element: {"method":"xpath","selector":"//div[text()='Saved successfully!']"}
  (Session info: chrome=89.0.4389.90)
For documentation on this error, please visit: https://www.seleniumhq.org/exceptions/no_such_element.html
Build info: version: '3.141.59', revision: 'e82be7d358', time: '2018-11-14T08:17:03'
System info: host: 'DESKTOP-8UCS1B4', ip: '192.168.1.2', os.name: 'Windows 10', os.arch: 'amd64', os.version: '10.0', java.version: '1.8.0_221'
Driver info: org.openqa.selenium.chrome.ChromeDriver
Capabilities {acceptInsecureCerts: false, browserName: chrome, browserVersion: 89.0.4389.90, chrome: {chromedriverVersion: 89.0.4389.23 (61b08ee2c5002..., userDataDir: C:\Users\LENOVO\AppData\Loc...}, goog:chromeOptions: {debuggerAddress: localhost:51993}, javascriptEnabled: true, networkConnectionEnabled: false, pageLoadStrategy: normal, platform: WINDOWS, platformName: WINDOWS, proxy: Proxy(), setWindowRect: true, strictFileInteractability: false, timeouts: {implicit: 0, pageLoad: 300000, script: 30000}, unhandledPromptBehavior: dismiss and notify, webauthn:extension:largeBlob: true, webauthn:virtualAuthenticators: true}
Session ID: b885d27db2fd7e1badd2c7ed83260f3a
*** Element info: {Using=xpath, value=//div[text()='Saved successfully!']}
at org.openqa.selenium.remote.http.W3CHttpResponseCodec.createException(W3CHttpResponseCodec.java:187)
at org.openqa.selenium.remote.http.W3CHttpResponseCodec.decode(W3CHttpResponseCodec.java:122)
at org.openqa.selenium.remote.http.W3CHttpResponseCodec.decode(W3CHttpResponseCodec.java:49)
at org.openqa.selenium.remote.HttpCommandExecutor.execute(HttpCommandExecutor.java:158)
at org.openqa.selenium.remote.service.DriverCommandExecutor.execute(DriverCommandExecutor.java:83)
at org.openqa.selenium.remote.RemoteWebDriver.execute(RemoteWebDriver.java:552)
at org.openqa.selenium.remote.RemoteWebDriver.findElement(RemoteWebDriver.java:323)
at org.openqa.selenium.remote.RemoteWebDriver.findElementByXPath(RemoteWebDriver.java:428)
at org.openqa.selenium.By$ByXPath.findElement(By.java:353)
at org.openqa.selenium.remote.RemoteWebDriver.findElement(RemoteWebDriver.java:315)
at org.openqa.selenium.support.pagefactory.DefaultElementLocator.findElement(DefaultElementLocator.java:69)
at org.openqa.selenium.support.pagefactory.internal.LocatingElementHandler.invoke(LocatingElementHandler.java:38)
at com.sun.proxy.$Proxy16.getText(Unknown Source)
at com.Breville.Pages.HomePage.verifyPublishSuccesfullMessage(HomePage.java:277)
at com.Breville.Tests.LoginPageTest.VerifyLoaginAndPublishItems(LoginPageTest.java:33)
... Removed 29 stack frames]]>
    </failure>
  </testcase> <!-- VerifyLoaginAndPublishItems -->
  <testcase name="VerifyLoaginAndPublishItems" time="21.081" classname="com.Breville.Tests.LoginPageTest"/>
  <testcase name="VerifyLoaginAndPublishItems" time="16.497" classname="com.Breville.Tests.LoginPageTest"/>
  <testcase name="verifyProductExport" time="39.211" classname="com.Breville.Tests.ExportProductTest"/>
  <testcase name="verifyItemStatusLink" time="18.83" classname="com.Breville.Tests.ItemStatusLinkTest"/>
  <testcase name="verifyItemStatusLink" time="19.507" classname="com.Breville.Tests.ItemStatusLinkTest"/>
  <testcase name="verifyItemStatusLink" time="19.608" classname="com.Breville.Tests.ItemStatusLinkTest"/>
  <testcase name="verifyItemStatusLink" time="18.497" classname="com.Breville.Tests.ItemStatusLinkTest"/>
  <testcase name="verifyItemStatusLink" time="18.849" classname="com.Breville.Tests.ItemStatusLinkTest"/>
  <testcase name="verifyPricingDetails" time="19.752" classname="com.Breville.Tests.ManagePriceTest"/>
  <testcase name="verifyPricingDetails" time="18.196" classname="com.Breville.Tests.ManagePriceTest"/>
  <testcase name="verifyPricingDetails" time="86.813" classname="com.Breville.Tests.ManagePriceTest">
    <skipped/>
  </testcase> <!-- verifyPricingDetails -->
  <testcase name="verifyPricingDetails" time="83.726" classname="com.Breville.Tests.ManagePriceTest">
    <skipped/>
  </testcase> <!-- verifyPricingDetails -->
  <testcase name="verifyPricingDetails" time="83.127" classname="com.Breville.Tests.ManagePriceTest">
    <failure type="org.openqa.selenium.TimeoutException" message="Expected condition failed: waiting for visibility of Proxy element for: DefaultElementLocator &amp;apos;By.xpath: //span[text()=&amp;apos;RRP/MAP/Web Price:&amp;apos;]//following :: input[1]&amp;apos; (tried for 60 second(s) with 500 milliseconds interval)">
      <![CDATA[org.openqa.selenium.TimeoutException: Expected condition failed: waiting for visibility of Proxy element for: DefaultElementLocator 'By.xpath: //span[text()='RRP/MAP/Web Price:']//following :: input[1]' (tried for 60 second(s) with 500 milliseconds interval)
at org.openqa.selenium.support.ui.WebDriverWait.timeoutException(WebDriverWait.java:95)
at org.openqa.selenium.support.ui.FluentWait.until(FluentWait.java:272)
at com.Breville.Utilities.WrapperMethods.waitUntilElementIsVisible(WrapperMethods.java:52)
at com.Breville.Utilities.WrapperMethods.enterText(WrapperMethods.java:62)
at com.Breville.Pages.ManagePricePage.enterRRPPrice(ManagePricePage.java:30)
at com.Breville.Tests.ManagePriceTest.verifyPricingDetails(ManagePriceTest.java:31)
Caused by: org.openqa.selenium.NoSuchElementException: no such element: Unable to locate element: {"method":"xpath","selector":"//span[text()='RRP/MAP/Web Price:']//following :: input[1]"}
  (Session info: chrome=89.0.4389.90)
For documentation on this error, please visit: https://www.seleniumhq.org/exceptions/no_such_element.html
Build info: version: '3.141.59', revision: 'e82be7d358', time: '2018-11-14T08:17:03'
System info: host: 'DESKTOP-8UCS1B4', ip: '192.168.1.2', os.name: 'Windows 10', os.arch: 'amd64', os.version: '10.0', java.version: '1.8.0_221'
Driver info: org.openqa.selenium.chrome.ChromeDriver
Capabilities {acceptInsecureCerts: false, browserName: chrome, browserVersion: 89.0.4389.90, chrome: {chromedriverVersion: 89.0.4389.23 (61b08ee2c5002..., userDataDir: C:\Users\LENOVO\AppData\Loc...}, goog:chromeOptions: {debuggerAddress: localhost:52458}, javascriptEnabled: true, networkConnectionEnabled: false, pageLoadStrategy: normal, platform: WINDOWS, platformName: WINDOWS, proxy: Proxy(), setWindowRect: true, strictFileInteractability: false, timeouts: {implicit: 0, pageLoad: 300000, script: 30000}, unhandledPromptBehavior: dismiss and notify, webauthn:extension:largeBlob: true, webauthn:virtualAuthenticators: true}
Session ID: 567a8dcdbbbbfef2388eda41f2d79d6e
*** Element info: {Using=xpath, value=//span[text()='RRP/MAP/Web Price:']//following :: input[1]}
at org.openqa.selenium.remote.http.W3CHttpResponseCodec.createException(W3CHttpResponseCodec.java:187)
at org.openqa.selenium.remote.http.W3CHttpResponseCodec.decode(W3CHttpResponseCodec.java:122)
at org.openqa.selenium.remote.http.W3CHttpResponseCodec.decode(W3CHttpResponseCodec.java:49)
at org.openqa.selenium.remote.HttpCommandExecutor.execute(HttpCommandExecutor.java:158)
at org.openqa.selenium.remote.service.DriverCommandExecutor.execute(DriverCommandExecutor.java:83)
at org.openqa.selenium.remote.RemoteWebDriver.execute(RemoteWebDriver.java:552)
at org.openqa.selenium.remote.RemoteWebDriver.findElement(RemoteWebDriver.java:323)
at org.openqa.selenium.remote.RemoteWebDriver.findElementByXPath(RemoteWebDriver.java:428)
at org.openqa.selenium.By$ByXPath.findElement(By.java:353)
at org.openqa.selenium.remote.RemoteWebDriver.findElement(RemoteWebDriver.java:315)
at org.openqa.selenium.support.pagefactory.DefaultElementLocator.findElement(DefaultElementLocator.java:69)
at org.openqa.selenium.support.pagefactory.internal.LocatingElementHandler.invoke(LocatingElementHandler.java:38)
at com.sun.proxy.$Proxy16.isDisplayed(Unknown Source)
at org.openqa.selenium.support.ui.ExpectedConditions.elementIfVisible(ExpectedConditions.java:314)
at org.openqa.selenium.support.ui.ExpectedConditions.access$000(ExpectedConditions.java:43)
at org.openqa.selenium.support.ui.ExpectedConditions$10.apply(ExpectedConditions.java:300)
at org.openqa.selenium.support.ui.ExpectedConditions$10.apply(ExpectedConditions.java:297)
at org.openqa.selenium.support.ui.FluentWait.until(FluentWait.java:249)
... 29 more
... Removed 28 stack frames]]>
    </failure>
  </testcase> <!-- verifyPricingDetails -->
  <testcase name="verifyPricingDetails" time="20.604" classname="com.Breville.Tests.ManagePriceTest"/>
  <testcase name="verifyBrandName" time="29.496" classname="com.Breville.Tests.BrandNameValidationTest">
    <skipped/>
  </testcase> <!-- verifyBrandName -->
  <testcase name="verifyBrandName" time="19.237" classname="com.Breville.Tests.BrandNameValidationTest"/>
  <testcase name="verifyProductSearchName" time="28.695" classname="com.Breville.Tests.ProductSearchNameTest">
    <skipped/>
  </testcase> <!-- verifyProductSearchName -->
  <testcase name="verifyProductSearchName" time="19.877" classname="com.Breville.Tests.ProductSearchNameTest"/>
  <testcase name="@BeforeSuite setExtent" time="0.0" classname="com.Breville.Base.BaseSetup">
    <ignored/>
  </testcase> <!-- @BeforeSuite setExtent -->
  <testcase name="@BeforeSuite setExtent" time="0.0" classname="com.Breville.Base.BaseSetup">
    <ignored/>
  </testcase> <!-- @BeforeSuite setExtent -->
  <testcase name="@BeforeSuite setExtent" time="0.0" classname="com.Breville.Base.BaseSetup">
    <ignored/>
  </testcase> <!-- @BeforeSuite setExtent -->
  <testcase name="@BeforeSuite setExtent" time="0.0" classname="com.Breville.Base.BaseSetup">
    <ignored/>
  </testcase> <!-- @BeforeSuite setExtent -->
  <testcase name="@BeforeSuite setExtent" time="0.0" classname="com.Breville.Base.BaseSetup">
    <ignored/>
  </testcase> <!-- @BeforeSuite setExtent -->
  <testcase name="@AfterSuite endReport" time="0.0" classname="com.Breville.Base.BaseSetup">
    <ignored/>
  </testcase> <!-- @AfterSuite endReport -->
  <testcase name="@AfterSuite endReport" time="0.0" classname="com.Breville.Base.BaseSetup">
    <ignored/>
  </testcase> <!-- @AfterSuite endReport -->
  <testcase name="@AfterSuite endReport" time="0.0" classname="com.Breville.Base.BaseSetup">
    <ignored/>
  </testcase> <!-- @AfterSuite endReport -->
  <testcase name="@AfterSuite endReport" time="0.0" classname="com.Breville.Base.BaseSetup">
    <ignored/>
  </testcase> <!-- @AfterSuite endReport -->
  <testcase name="@AfterSuite endReport" time="0.0" classname="com.Breville.Base.BaseSetup">
    <ignored/>
  </testcase> <!-- @AfterSuite endReport -->
</testsuite> <!-- Test -->
