<?xml version="1.0" encoding="UTF-8"?>
<testng-results skipped="0" failed="0" ignored="0" total="1" passed="1">
  <reporter-output>
  </reporter-output>
  <suite name="Default suite" duration-ms="50564" started-at="2021-03-18T07:32:30Z" finished-at="2021-03-18T07:33:21Z">
    <groups>
    </groups>
    <test name="Default test" duration-ms="50564" started-at="2021-03-18T07:32:30Z" finished-at="2021-03-18T07:33:21Z">
      <class name="com.Breville.Tests.ExportProductTest">
        <test-method status="PASS" signature="setExtent()[pri:0, instance:com.Breville.Tests.ExportProductTest@ff5b51f]" name="setExtent" is-config="true" duration-ms="153" started-at="2021-03-18T07:32:30Z" finished-at="2021-03-18T07:32:30Z">
          <reporter-output>
          </reporter-output>
        </test-method> <!-- setExtent -->
        <test-method status="PASS" signature="instalization()[pri:0, instance:com.Breville.Tests.ExportProductTest@ff5b51f]" name="instalization" is-config="true" duration-ms="5498" started-at="2021-03-18T07:32:30Z" finished-at="2021-03-18T07:32:36Z">
          <reporter-output>
          </reporter-output>
        </test-method> <!-- instalization -->
        <test-method status="PASS" signature="verifyProductExport()[pri:0, instance:com.Breville.Tests.ExportProductTest@ff5b51f]" name="verifyProductExport" duration-ms="40973" started-at="2021-03-18T07:32:36Z" finished-at="2021-03-18T07:33:17Z">
          <reporter-output>
          </reporter-output>
        </test-method> <!-- verifyProductExport -->
        <test-method status="PASS" signature="getResult(org.testng.ITestResult)[pri:0, instance:com.Breville.Tests.ExportProductTest@ff5b51f]" name="getResult" is-config="true" duration-ms="4078" started-at="2021-03-18T07:33:17Z" finished-at="2021-03-18T07:33:21Z">
          <params>
            <param index="0">
              <value>
                <![CDATA[[TestResult name=verifyProductExport status=SUCCESS method=ExportProductTest.verifyProductExport()[pri:0, instance:com.Breville.Tests.ExportProductTest@ff5b51f] output={null}]]]>
              </value>
            </param>
          </params>
          <reporter-output>
          </reporter-output>
        </test-method> <!-- getResult -->
        <test-method status="PASS" signature="endReport()[pri:0, instance:com.Breville.Tests.ExportProductTest@ff5b51f]" name="endReport" is-config="true" duration-ms="258" started-at="2021-03-18T07:33:21Z" finished-at="2021-03-18T07:33:21Z">
          <reporter-output>
          </reporter-output>
        </test-method> <!-- endReport -->
      </class> <!-- com.Breville.Tests.ExportProductTest -->
    </test> <!-- Default test -->
  </suite> <!-- Default suite -->
</testng-results>
